SF:c:\Users\jonas\OneDrive\Desktop\Programming\C#\Projects\vuttr-api\src\vuttr-api.domain\settings\JwtSettings.cs
FN:4,System.String vuttr_api.domain.settings.JwtSettings::get_ValidIssuer()
FNDA:0,System.String vuttr_api.domain.settings.JwtSettings::get_ValidIssuer()
DA:5,0
FN:5,System.String vuttr_api.domain.settings.JwtSettings::get_ValidAudience()
FNDA:0,System.String vuttr_api.domain.settings.JwtSettings::get_ValidAudience()
DA:6,0
FN:6,System.String vuttr_api.domain.settings.JwtSettings::get_SecretKey()
FNDA:0,System.String vuttr_api.domain.settings.JwtSettings::get_SecretKey()
DA:7,0
LF:3
LH:0
BRF:0
BRH:0
FNF:3
FNH:0
end_of_record
SF:c:\Users\jonas\OneDrive\Desktop\Programming\C#\Projects\vuttr-api\src\vuttr-api.domain\entities\ApplicationUser.cs
FN:6,System.String vuttr_api.domain.entities.ApplicationUser::get_PasswordSalt()
FNDA:0,System.String vuttr_api.domain.entities.ApplicationUser::get_PasswordSalt()
DA:7,0
LF:1
LH:0
BRF:0
BRH:0
FNF:1
FNH:0
end_of_record
SF:c:\Users\jonas\OneDrive\Desktop\Programming\C#\Projects\vuttr-api\src\vuttr-api.domain\entities\Tag.cs
FN:4,System.Int32 vuttr_api.domain.entities.Tag::get_Id()
FNDA:0,System.Int32 vuttr_api.domain.entities.Tag::get_Id()
DA:5,0
FN:5,System.Int32 vuttr_api.domain.entities.Tag::get_ToolId()
FNDA:0,System.Int32 vuttr_api.domain.entities.Tag::get_ToolId()
DA:6,0
FN:6,System.String vuttr_api.domain.entities.Tag::get_Name()
FNDA:14,System.String vuttr_api.domain.entities.Tag::get_Name()
DA:7,14
LF:3
LH:1
BRF:0
BRH:0
FNF:3
FNH:1
end_of_record
SF:c:\Users\jonas\OneDrive\Desktop\Programming\C#\Projects\vuttr-api\src\vuttr-api.domain\entities\Tool.cs
FN:4,System.Int32 vuttr_api.domain.entities.Tool::get_Id()
FNDA:2,System.Int32 vuttr_api.domain.entities.Tool::get_Id()
DA:5,2
FN:5,System.String vuttr_api.domain.entities.Tool::get_Title()
FNDA:2,System.String vuttr_api.domain.entities.Tool::get_Title()
DA:6,2
FN:6,System.String vuttr_api.domain.entities.Tool::get_Link()
FNDA:2,System.String vuttr_api.domain.entities.Tool::get_Link()
DA:7,2
FN:7,System.String vuttr_api.domain.entities.Tool::get_Description()
FNDA:2,System.String vuttr_api.domain.entities.Tool::get_Description()
DA:8,2
FN:8,System.Collections.Generic.IList`1<vuttr_api.domain.entities.Tag> vuttr_api.domain.entities.Tool::get_Tags()
FNDA:3,System.Collections.Generic.IList`1<vuttr_api.domain.entities.Tag> vuttr_api.domain.entities.Tool::get_Tags()
DA:9,3
LF:5
LH:5
BRF:0
BRH:0
FNF:5
FNH:5
end_of_record
SF:c:\Users\jonas\OneDrive\Desktop\Programming\C#\Projects\vuttr-api\src\vuttr-api.domain\dtos\AuthenticationResponse.cs
FN:4,System.String vuttr_api.domain.dtos.AuthenticationResponse::get_Token()
FNDA:1,System.String vuttr_api.domain.dtos.AuthenticationResponse::get_Token()
DA:5,1
FN:5,System.DateTime vuttr_api.domain.dtos.AuthenticationResponse::get_Expiration()
FNDA:1,System.DateTime vuttr_api.domain.dtos.AuthenticationResponse::get_Expiration()
DA:6,1
LF:2
LH:2
BRF:0
BRH:0
FNF:2
FNH:2
end_of_record
SF:c:\Users\jonas\OneDrive\Desktop\Programming\C#\Projects\vuttr-api\src\vuttr-api.domain\dtos\CreateToolRequest.cs
FN:8,System.String vuttr_api.domain.dtos.CreateToolRequest::get_Title()
FNDA:19,System.String vuttr_api.domain.dtos.CreateToolRequest::get_Title()
DA:9,19
FN:13,System.String vuttr_api.domain.dtos.CreateToolRequest::get_Link()
FNDA:4,System.String vuttr_api.domain.dtos.CreateToolRequest::get_Link()
DA:14,4
FN:17,System.String vuttr_api.domain.dtos.CreateToolRequest::get_Description()
FNDA:4,System.String vuttr_api.domain.dtos.CreateToolRequest::get_Description()
DA:18,4
FN:20,System.Collections.Generic.List`1<System.String> vuttr_api.domain.dtos.CreateToolRequest::get_Tags()
FNDA:3,System.Collections.Generic.List`1<System.String> vuttr_api.domain.dtos.CreateToolRequest::get_Tags()
DA:21,3
LF:4
LH:4
BRF:0
BRH:0
FNF:4
FNH:4
end_of_record
SF:c:\Users\jonas\OneDrive\Desktop\Programming\C#\Projects\vuttr-api\src\vuttr-api.domain\dtos\ToolViewModel.cs
FN:4,System.Int32 vuttr_api.domain.dtos.ToolViewModel::get_Id()
FNDA:115,System.Int32 vuttr_api.domain.dtos.ToolViewModel::get_Id()
DA:5,115
FN:5,System.String vuttr_api.domain.dtos.ToolViewModel::get_Title()
FNDA:102,System.String vuttr_api.domain.dtos.ToolViewModel::get_Title()
DA:6,102
FN:6,System.String vuttr_api.domain.dtos.ToolViewModel::get_Link()
FNDA:87,System.String vuttr_api.domain.dtos.ToolViewModel::get_Link()
DA:7,87
FN:7,System.String vuttr_api.domain.dtos.ToolViewModel::get_Description()
FNDA:86,System.String vuttr_api.domain.dtos.ToolViewModel::get_Description()
DA:8,86
FN:8,System.Collections.Generic.List`1<System.String> vuttr_api.domain.dtos.ToolViewModel::get_Tags()
FNDA:99,System.Collections.Generic.List`1<System.String> vuttr_api.domain.dtos.ToolViewModel::get_Tags()
DA:9,99
LF:5
LH:5
BRF:0
BRH:0
FNF:5
FNH:5
end_of_record
SF:c:\Users\jonas\OneDrive\Desktop\Programming\C#\Projects\vuttr-api\src\vuttr-api.domain\dtos\UpdateToolRequest.cs
FN:8,System.String vuttr_api.domain.dtos.UpdateToolRequest::get_Title()
FNDA:1,System.String vuttr_api.domain.dtos.UpdateToolRequest::get_Title()
DA:9,1
FN:13,System.String vuttr_api.domain.dtos.UpdateToolRequest::get_Link()
FNDA:4,System.String vuttr_api.domain.dtos.UpdateToolRequest::get_Link()
DA:14,4
FN:17,System.String vuttr_api.domain.dtos.UpdateToolRequest::get_Description()
FNDA:2,System.String vuttr_api.domain.dtos.UpdateToolRequest::get_Description()
DA:18,2
FN:20,System.Collections.Generic.List`1<System.String> vuttr_api.domain.dtos.UpdateToolRequest::get_Tags()
FNDA:1,System.Collections.Generic.List`1<System.String> vuttr_api.domain.dtos.UpdateToolRequest::get_Tags()
DA:21,1
LF:4
LH:4
BRF:0
BRH:0
FNF:4
FNH:4
end_of_record
SF:c:\Users\jonas\OneDrive\Desktop\Programming\C#\Projects\vuttr-api\src\vuttr-api.domain\dtos\UserForAuthentication.cs
FN:7,System.String vuttr_api.domain.dtos.UserForAuthentication::get_Username()
FNDA:2,System.String vuttr_api.domain.dtos.UserForAuthentication::get_Username()
DA:8,2
FN:11,System.String vuttr_api.domain.dtos.UserForAuthentication::get_Password()
FNDA:3,System.String vuttr_api.domain.dtos.UserForAuthentication::get_Password()
DA:12,3
LF:2
LH:2
BRF:0
BRH:0
FNF:2
FNH:2
end_of_record
SF:c:\Users\jonas\OneDrive\Desktop\Programming\C#\Projects\vuttr-api\src\vuttr-api.domain\dtos\UserForRegistration.cs
FN:7,System.String vuttr_api.domain.dtos.UserForRegistration::get_Username()
FNDA:4,System.String vuttr_api.domain.dtos.UserForRegistration::get_Username()
DA:8,4
FN:11,System.String vuttr_api.domain.dtos.UserForRegistration::get_Email()
FNDA:5,System.String vuttr_api.domain.dtos.UserForRegistration::get_Email()
DA:12,5
FN:13,System.String vuttr_api.domain.dtos.UserForRegistration::get_Password()
FNDA:4,System.String vuttr_api.domain.dtos.UserForRegistration::get_Password()
DA:14,4
LF:3
LH:3
BRF:0
BRH:0
FNF:3
FNH:3
end_of_record
SF:c:\Users\jonas\OneDrive\Desktop\Programming\C#\Projects\vuttr-api\src\vuttr-api.domain\dtos\UserViewModel.cs
FN:4,System.Guid vuttr_api.domain.dtos.UserViewModel::get_Id()
FNDA:0,System.Guid vuttr_api.domain.dtos.UserViewModel::get_Id()
DA:5,0
FN:5,System.String vuttr_api.domain.dtos.UserViewModel::get_Username()
FNDA:2,System.String vuttr_api.domain.dtos.UserViewModel::get_Username()
DA:6,2
FN:6,System.String vuttr_api.domain.dtos.UserViewModel::get_Email()
FNDA:2,System.String vuttr_api.domain.dtos.UserViewModel::get_Email()
DA:7,2
LF:3
LH:2
BRF:0
BRH:0
FNF:3
FNH:2
end_of_record
SF:c:\Users\jonas\OneDrive\Desktop\Programming\C#\Projects\vuttr-api\src\vuttr-api.infrastructure\ServiceExtensions.cs
FN:22,System.Void vuttr_api.infrastructure.ServiceExtensions::AddMappingConfiguration(Microsoft.Extensions.DependencyInjection.IServiceCollection)
FNDA:0,System.Void vuttr_api.infrastructure.ServiceExtensions::AddMappingConfiguration(Microsoft.Extensions.DependencyInjection.IServiceCollection)
DA:23,0
DA:24,0
DA:25,0
FN:27,System.Void vuttr_api.infrastructure.ServiceExtensions::AddJwtConfiguration(Microsoft.Extensions.DependencyInjection.IServiceCollection,Microsoft.Extensions.Configuration.IConfiguration)
FNDA:0,System.Void vuttr_api.infrastructure.ServiceExtensions::AddJwtConfiguration(Microsoft.Extensions.DependencyInjection.IServiceCollection,Microsoft.Extensions.Configuration.IConfiguration)
DA:28,0
DA:29,0
DA:31,0
DA:32,0
DA:33,0
DA:34,0
DA:35,0
DA:36,0
DA:37,0
DA:38,0
DA:39,0
DA:40,0
DA:41,0
DA:42,0
DA:43,0
DA:44,0
DA:45,0
DA:46,0
DA:47,0
DA:48,0
DA:49,0
FN:51,System.Void vuttr_api.infrastructure.ServiceExtensions::AddDatabaseConfiguration(Microsoft.Extensions.DependencyInjection.IServiceCollection,Microsoft.Extensions.Configuration.IConfiguration)
FNDA:0,System.Void vuttr_api.infrastructure.ServiceExtensions::AddDatabaseConfiguration(Microsoft.Extensions.DependencyInjection.IServiceCollection,Microsoft.Extensions.Configuration.IConfiguration)
DA:52,0
DA:53,0
DA:55,0
DA:56,0
DA:57,0
FN:59,System.Void vuttr_api.infrastructure.ServiceExtensions::AddServices(Microsoft.Extensions.DependencyInjection.IServiceCollection)
FNDA:0,System.Void vuttr_api.infrastructure.ServiceExtensions::AddServices(Microsoft.Extensions.DependencyInjection.IServiceCollection)
DA:60,0
DA:61,0
DA:62,0
DA:63,0
DA:64,0
DA:65,0
LF:35
LH:0
BRF:0
BRH:0
FNF:4
FNH:0
end_of_record
SF:c:\Users\jonas\OneDrive\Desktop\Programming\C#\Projects\vuttr-api\src\vuttr-api.infrastructure\mapping\MappingProfile.cs
FN:8,System.Void vuttr_api.infrastructure.mapping.MappingProfile::.ctor()
FNDA:21,System.Void vuttr_api.infrastructure.mapping.MappingProfile::.ctor()
DA:9,21
DA:10,21
DA:11,21
DA:12,42
DA:13,21
DA:14,42
DA:15,21
DA:16,42
DA:17,21
DA:18,21
LF:10
LH:10
BRF:0
BRH:0
FNF:1
FNH:1
end_of_record
SF:c:\Users\jonas\OneDrive\Desktop\Programming\C#\Projects\vuttr-api\src\vuttr-api.infrastructure\mapping\ReverseTagResolver.cs
FN:9,System.Collections.Generic.List`1<System.String> vuttr_api.infrastructure.mapping.ReverseTagResolver::Resolve(vuttr_api.domain.entities.Tool,vuttr_api.domain.dtos.ToolViewModel,System.Collections.Generic.List`1<System.String>,AutoMapper.ResolutionContext)
FNDA:1,System.Collections.Generic.List`1<System.String> vuttr_api.infrastructure.mapping.ReverseTagResolver::Resolve(vuttr_api.domain.entities.Tool,vuttr_api.domain.dtos.ToolViewModel,System.Collections.Generic.List`1<System.String>,AutoMapper.ResolutionContext)
DA:10,1
DA:11,1
DA:13,17
DA:14,7
DA:15,7
DA:16,7
DA:18,1
DA:19,1
BRDA:13,50,1,7
BRDA:13,50,0,1
LF:8
LH:8
BRF:2
BRH:2
FNF:1
FNH:1
end_of_record
SF:c:\Users\jonas\OneDrive\Desktop\Programming\C#\Projects\vuttr-api\src\vuttr-api.infrastructure\mapping\TagResolver.cs
FN:9,System.Collections.Generic.IList`1<vuttr_api.domain.entities.Tag> vuttr_api.infrastructure.mapping.TagResolver::Resolve(vuttr_api.domain.dtos.CreateToolRequest,vuttr_api.domain.entities.Tool,System.Collections.Generic.IList`1<vuttr_api.domain.entities.Tag>,AutoMapper.ResolutionContext)
FNDA:1,System.Collections.Generic.IList`1<vuttr_api.domain.entities.Tag> vuttr_api.infrastructure.mapping.TagResolver::Resolve(vuttr_api.domain.dtos.CreateToolRequest,vuttr_api.domain.entities.Tool,System.Collections.Generic.IList`1<vuttr_api.domain.entities.Tag>,AutoMapper.ResolutionContext)
DA:10,1
DA:11,1
DA:13,17
DA:14,7
DA:15,7
DA:16,7
DA:17,7
DA:18,1
DA:19,1
BRDA:13,61,1,7
BRDA:13,61,0,1
LF:9
LH:9
BRF:2
BRH:2
FNF:1
FNH:1
end_of_record
SF:c:\Users\jonas\OneDrive\Desktop\Programming\C#\Projects\vuttr-api\src\vuttr-api.infrastructure\mapping\UpdateTagResolver.cs
FN:9,System.Collections.Generic.IList`1<vuttr_api.domain.entities.Tag> vuttr_api.infrastructure.mapping.UpdateTagResolver::Resolve(vuttr_api.domain.dtos.UpdateToolRequest,vuttr_api.domain.entities.Tool,System.Collections.Generic.IList`1<vuttr_api.domain.entities.Tag>,AutoMapper.ResolutionContext)
FNDA:0,System.Collections.Generic.IList`1<vuttr_api.domain.entities.Tag> vuttr_api.infrastructure.mapping.UpdateTagResolver::Resolve(vuttr_api.domain.dtos.UpdateToolRequest,vuttr_api.domain.entities.Tool,System.Collections.Generic.IList`1<vuttr_api.domain.entities.Tag>,AutoMapper.ResolutionContext)
DA:10,0
DA:11,0
DA:13,0
DA:14,0
DA:15,0
DA:16,0
DA:17,0
DA:18,0
DA:19,0
BRDA:13,61,1,0
BRDA:13,61,0,0
LF:9
LH:0
BRF:2
BRH:0
FNF:1
FNH:0
end_of_record
SF:c:\Users\jonas\OneDrive\Desktop\Programming\C#\Projects\vuttr-api\src\vuttr-api.persistence\ApplicationDbContext.cs
FN:9,System.Void vuttr_api.persistence.ApplicationDbContext::OnModelCreating(Microsoft.EntityFrameworkCore.ModelBuilder)
FNDA:0,System.Void vuttr_api.persistence.ApplicationDbContext::OnModelCreating(Microsoft.EntityFrameworkCore.ModelBuilder)
DA:10,0
DA:11,0
DA:12,0
DA:13,0
DA:14,0
FN:6,System.Void vuttr_api.persistence.ApplicationDbContext::.ctor(Microsoft.EntityFrameworkCore.DbContextOptions`1<vuttr_api.persistence.ApplicationDbContext>)
FNDA:0,System.Void vuttr_api.persistence.ApplicationDbContext::.ctor(Microsoft.EntityFrameworkCore.DbContextOptions`1<vuttr_api.persistence.ApplicationDbContext>)
DA:7,0
LF:6
LH:0
BRF:0
BRH:0
FNF:2
FNH:0
end_of_record
SF:c:\Users\jonas\OneDrive\Desktop\Programming\C#\Projects\vuttr-api\src\vuttr-api.persistence\configurations\TagConfiguration.cs
FN:9,System.Void vuttr_api.persistence.TagConfiguration::Configure(Microsoft.EntityFrameworkCore.Metadata.Builders.EntityTypeBuilder`1<vuttr_api.domain.entities.Tag>)
FNDA:0,System.Void vuttr_api.persistence.TagConfiguration::Configure(Microsoft.EntityFrameworkCore.Metadata.Builders.EntityTypeBuilder`1<vuttr_api.domain.entities.Tag>)
DA:10,0
DA:11,0
DA:12,0
DA:13,0
DA:14,0
LF:5
LH:0
BRF:0
BRH:0
FNF:1
FNH:0
end_of_record
SF:c:\Users\jonas\OneDrive\Desktop\Programming\C#\Projects\vuttr-api\src\vuttr-api.persistence\configurations\ToolConfiguration.cs
FN:9,System.Void vuttr_api.persistence.ToolConfiguration::Configure(Microsoft.EntityFrameworkCore.Metadata.Builders.EntityTypeBuilder`1<vuttr_api.domain.entities.Tool>)
FNDA:0,System.Void vuttr_api.persistence.ToolConfiguration::Configure(Microsoft.EntityFrameworkCore.Metadata.Builders.EntityTypeBuilder`1<vuttr_api.domain.entities.Tool>)
DA:10,0
DA:11,0
DA:12,0
DA:13,0
DA:14,0
DA:15,0
DA:16,0
LF:7
LH:0
BRF:0
BRH:0
FNF:1
FNH:0
end_of_record
SF:c:\Users\jonas\OneDrive\Desktop\Programming\C#\Projects\vuttr-api\src\vuttr-api.persistence\repositories\ToolRepository.cs
FN:38,vuttr_api.domain.entities.Tool vuttr_api.persistence.repositories.ToolRepository::RetrieveById(System.Int32)
FNDA:0,vuttr_api.domain.entities.Tool vuttr_api.persistence.repositories.ToolRepository::RetrieveById(System.Int32)
DA:39,0
DA:40,0
DA:41,0
FN:43,System.Collections.Generic.IEnumerable`1<vuttr_api.domain.entities.Tool> vuttr_api.persistence.repositories.ToolRepository::RetrieveByTag(System.String)
FNDA:0,System.Collections.Generic.IEnumerable`1<vuttr_api.domain.entities.Tool> vuttr_api.persistence.repositories.ToolRepository::RetrieveByTag(System.String)
DA:44,0
DA:45,0
DA:46,0
FN:48,vuttr_api.domain.entities.Tool vuttr_api.persistence.repositories.ToolRepository::RetrieveByTitle(System.String)
FNDA:0,vuttr_api.domain.entities.Tool vuttr_api.persistence.repositories.ToolRepository::RetrieveByTitle(System.String)
DA:49,0
DA:50,0
DA:51,0
FN:12,System.Void vuttr_api.persistence.repositories.ToolRepository::.ctor(vuttr_api.persistence.ApplicationDbContext)
FNDA:0,System.Void vuttr_api.persistence.repositories.ToolRepository::.ctor(vuttr_api.persistence.ApplicationDbContext)
DA:13,0
DA:14,0
DA:15,0
DA:16,0
DA:17,0
FN:19,System.Void vuttr_api.persistence.repositories.ToolRepository/<CreateAsync>d__3::MoveNext()
FNDA:0,System.Void vuttr_api.persistence.repositories.ToolRepository/<CreateAsync>d__3::MoveNext()
DA:20,0
DA:21,0
DA:22,0
DA:23,0
BRDA:22,319,0,0
BRDA:22,319,1,0
FN:25,System.Void vuttr_api.persistence.repositories.ToolRepository/<DeleteAsync>d__4::MoveNext()
FNDA:0,System.Void vuttr_api.persistence.repositories.ToolRepository/<DeleteAsync>d__4::MoveNext()
DA:26,0
DA:27,0
DA:28,0
DA:29,0
DA:30,0
DA:31,0
BRDA:28,193,0,0
BRDA:28,193,1,0
FN:33,System.Void vuttr_api.persistence.repositories.ToolRepository/<RetrieveAllAsync>d__5::MoveNext()
FNDA:0,System.Void vuttr_api.persistence.repositories.ToolRepository/<RetrieveAllAsync>d__5::MoveNext()
DA:34,0
DA:35,0
DA:36,0
FN:53,System.Void vuttr_api.persistence.repositories.ToolRepository/<UpdateAsync>d__9::MoveNext()
FNDA:0,System.Void vuttr_api.persistence.repositories.ToolRepository/<UpdateAsync>d__9::MoveNext()
DA:54,0
DA:55,0
DA:56,0
DA:57,0
BRDA:56,183,0,0
BRDA:56,183,1,0
LF:31
LH:0
BRF:6
BRH:0
FNF:8
FNH:0
end_of_record
SF:c:\Users\jonas\OneDrive\Desktop\Programming\C#\Projects\vuttr-api\src\vuttr-api.presentation\Program.cs
FN:3,System.Void Program::<Main>$(System.String[])
FNDA:0,System.Void Program::<Main>$(System.String[])
DA:4,0
DA:8,0
DA:9,0
DA:10,0
DA:11,0
DA:13,0
DA:15,0
DA:16,0
DA:18,0
DA:21,0
DA:22,0
DA:23,0
DA:24,0
DA:25,0
DA:27,0
DA:29,0
DA:31,0
DA:33,0
BRDA:21,154,0,0
BRDA:21,154,1,0
LF:18
LH:0
BRF:2
BRH:0
FNF:1
FNH:0
end_of_record
SF:c:\Users\jonas\OneDrive\Desktop\Programming\C#\Projects\vuttr-api\src\vuttr-api.presentation\Controllers\AuthenticationController.cs
FN:12,System.Void vuttr_api.presentation.controllers.AuthenticationController::.ctor(vuttr_api.services.contracts.IUserService)
FNDA:7,System.Void vuttr_api.presentation.controllers.AuthenticationController::.ctor(vuttr_api.services.contracts.IUserService)
DA:13,7
DA:14,7
DA:15,7
DA:16,7
FN:36,System.Void vuttr_api.presentation.controllers.AuthenticationController/<Authenticate>d__3::MoveNext()
FNDA:3,System.Void vuttr_api.presentation.controllers.AuthenticationController/<Authenticate>d__3::MoveNext()
DA:37,3
DA:38,4
DA:40,2
DA:42,2
DA:43,3
BRDA:38,39,0,1
BRDA:38,39,1,2
BRDA:42,212,0,1
BRDA:42,212,1,1
FN:21,System.Void vuttr_api.presentation.controllers.AuthenticationController/<Resigter>d__2::MoveNext()
FNDA:4,System.Void vuttr_api.presentation.controllers.AuthenticationController/<Resigter>d__2::MoveNext()
DA:22,4
DA:23,5
DA:25,4
DA:27,2
DA:29,2
DA:30,4
BRDA:23,50,0,1
BRDA:23,50,1,3
BRDA:25,209,0,1
BRDA:25,209,1,2
BRDA:29,379,0,1
BRDA:29,379,1,1
LF:15
LH:15
BRF:10
BRH:10
FNF:3
FNH:3
end_of_record
SF:c:\Users\jonas\OneDrive\Desktop\Programming\C#\Projects\vuttr-api\src\vuttr-api.presentation\Controllers\ToolsController.cs
FN:33,Microsoft.AspNetCore.Mvc.IActionResult vuttr_api.presentation.controllers.ToolsController::GetToolsByTag(System.String)
FNDA:3,Microsoft.AspNetCore.Mvc.IActionResult vuttr_api.presentation.controllers.ToolsController::GetToolsByTag(System.String)
DA:34,3
DA:35,4
DA:37,2
DA:38,2
DA:39,3
BRDA:35,7,0,1
BRDA:35,7,1,2
BRDA:38,37,0,1
BRDA:38,37,1,1
FN:44,Microsoft.AspNetCore.Mvc.IActionResult vuttr_api.presentation.controllers.ToolsController::GetToolById(System.Int32)
FNDA:3,Microsoft.AspNetCore.Mvc.IActionResult vuttr_api.presentation.controllers.ToolsController::GetToolById(System.Int32)
DA:45,3
DA:46,4
DA:48,2
DA:49,2
DA:50,3
BRDA:46,10,0,1
BRDA:46,10,1,2
BRDA:49,40,0,1
BRDA:49,40,1,1
FN:14,System.Void vuttr_api.presentation.controllers.ToolsController::.ctor(vuttr_api.services.contracts.IToolService)
FNDA:21,System.Void vuttr_api.presentation.controllers.ToolsController::.ctor(vuttr_api.services.contracts.IToolService)
DA:15,21
DA:16,21
DA:17,21
DA:18,21
FN:92,System.Void vuttr_api.presentation.controllers.ToolsController/<DeleteTool>d__7::MoveNext()
FNDA:4,System.Void vuttr_api.presentation.controllers.ToolsController/<DeleteTool>d__7::MoveNext()
DA:93,4
DA:94,5
DA:96,3
DA:98,4
DA:100,2
DA:101,4
BRDA:94,29,0,1
BRDA:94,29,1,3
BRDA:98,213,0,1
BRDA:98,213,1,2
BRDA:100,297,0,1
BRDA:100,297,1,1
FN:23,System.Void vuttr_api.presentation.controllers.ToolsController/<GetTools>d__2::MoveNext()
FNDA:2,System.Void vuttr_api.presentation.controllers.ToolsController/<GetTools>d__2::MoveNext()
DA:24,2
DA:25,2
DA:26,2
DA:27,2
BRDA:26,151,0,1
BRDA:26,151,1,1
FN:55,System.Void vuttr_api.presentation.controllers.ToolsController/<RegisterTool>d__5::MoveNext()
FNDA:4,System.Void vuttr_api.presentation.controllers.ToolsController/<RegisterTool>d__5::MoveNext()
DA:56,4
DA:57,5
DA:59,3
DA:61,4
DA:63,2
DA:65,2
DA:66,2
DA:67,2
DA:68,4
BRDA:57,39,0,1
BRDA:57,39,1,3
BRDA:61,113,0,1
BRDA:61,113,1,2
BRDA:65,283,0,1
BRDA:65,283,1,1
FN:74,System.Void vuttr_api.presentation.controllers.ToolsController/<UpdateTool>d__6::MoveNext()
FNDA:5,System.Void vuttr_api.presentation.controllers.ToolsController/<UpdateTool>d__6::MoveNext()
DA:75,5
DA:76,6
DA:78,5
DA:80,3
DA:82,4
DA:84,2
DA:85,2
DA:86,5
BRDA:76,32,0,1
BRDA:76,32,1,4
BRDA:78,77,0,1
BRDA:78,77,1,3
BRDA:82,148,0,1
BRDA:82,148,1,2
BRDA:85,376,0,1
BRDA:85,376,1,1
LF:41
LH:41
BRF:30
BRH:30
FNF:7
FNH:7
end_of_record
SF:c:\Users\jonas\OneDrive\Desktop\Programming\C#\Projects\vuttr-api\src\vuttr-api.services\implementations\AuthService.cs
FN:32,System.String vuttr_api.services.AuthService::Combine(System.String,System.String)
FNDA:0,System.String vuttr_api.services.AuthService::Combine(System.String,System.String)
DA:33,0
DA:34,0
DA:35,0
DA:36,0
DA:38,0
DA:39,0
DA:40,0
DA:41,0
FN:43,System.String vuttr_api.services.AuthService::GenerateSalt()
FNDA:0,System.String vuttr_api.services.AuthService::GenerateSalt()
DA:44,0
DA:45,0
DA:46,0
DA:47,0
DA:48,0
DA:49,0
FN:59,Microsoft.IdentityModel.Tokens.SigningCredentials vuttr_api.services.AuthService::GetSigningCredentials()
FNDA:0,Microsoft.IdentityModel.Tokens.SigningCredentials vuttr_api.services.AuthService::GetSigningCredentials()
DA:60,0
DA:61,0
DA:62,0
DA:63,0
DA:64,0
FN:66,System.Collections.Generic.List`1<System.Security.Claims.Claim> vuttr_api.services.AuthService::GetClaims()
FNDA:0,System.Collections.Generic.List`1<System.Security.Claims.Claim> vuttr_api.services.AuthService::GetClaims()
DA:67,0
DA:68,0
DA:69,0
DA:70,0
DA:71,0
DA:72,0
DA:73,0
DA:74,0
FN:76,System.IdentityModel.Tokens.Jwt.JwtSecurityToken vuttr_api.services.AuthService::GenerateTokenOptions(Microsoft.IdentityModel.Tokens.SigningCredentials,System.Collections.Generic.List`1<System.Security.Claims.Claim>)
FNDA:0,System.IdentityModel.Tokens.Jwt.JwtSecurityToken vuttr_api.services.AuthService::GenerateTokenOptions(Microsoft.IdentityModel.Tokens.SigningCredentials,System.Collections.Generic.List`1<System.Security.Claims.Claim>)
DA:77,0
DA:78,0
DA:79,0
DA:80,0
DA:81,0
DA:82,0
DA:83,0
DA:84,0
DA:85,0
FN:87,System.ValueTuple`2<System.String,System.DateTime> vuttr_api.services.AuthService::GenerateToken()
FNDA:0,System.ValueTuple`2<System.String,System.DateTime> vuttr_api.services.AuthService::GenerateToken()
DA:88,0
DA:89,0
DA:90,0
DA:91,0
DA:92,0
DA:93,0
FN:22,System.Void vuttr_api.services.AuthService::.ctor(Microsoft.Extensions.Configuration.IConfiguration,Microsoft.AspNetCore.Identity.UserManager`1<vuttr_api.domain.entities.ApplicationUser>,AutoMapper.IMapper)
FNDA:0,System.Void vuttr_api.services.AuthService::.ctor(Microsoft.Extensions.Configuration.IConfiguration,Microsoft.AspNetCore.Identity.UserManager`1<vuttr_api.domain.entities.ApplicationUser>,AutoMapper.IMapper)
DA:23,0
DA:24,0
DA:25,0
DA:26,0
DA:27,0
DA:29,0
DA:30,0
FN:51,System.Void vuttr_api.services.AuthService/<ValidateUserAsync>d__8::MoveNext()
FNDA:0,System.Void vuttr_api.services.AuthService/<ValidateUserAsync>d__8::MoveNext()
DA:52,0
DA:53,0
DA:54,0
DA:55,0
DA:56,0
DA:57,0
BRDA:54,301,0,0
BRDA:54,301,1,0
LF:55
LH:0
BRF:2
BRH:0
FNF:8
FNH:0
end_of_record
SF:c:\Users\jonas\OneDrive\Desktop\Programming\C#\Projects\vuttr-api\src\vuttr-api.services\implementations\ToolService.cs
FN:32,vuttr_api.domain.dtos.ToolViewModel vuttr_api.services.ToolService::GetToolById(System.Int32)
FNDA:0,vuttr_api.domain.dtos.ToolViewModel vuttr_api.services.ToolService::GetToolById(System.Int32)
DA:33,0
DA:34,0
DA:35,0
DA:36,0
BRDA:35,15,0,0
BRDA:35,15,1,0
FN:38,vuttr_api.domain.dtos.ToolViewModel vuttr_api.services.ToolService::GetToolByTitle(System.String)
FNDA:0,vuttr_api.domain.dtos.ToolViewModel vuttr_api.services.ToolService::GetToolByTitle(System.String)
DA:39,0
DA:40,0
DA:41,0
DA:42,0
BRDA:41,15,0,0
BRDA:41,15,1,0
FN:58,System.Collections.Generic.IEnumerable`1<vuttr_api.domain.dtos.ToolViewModel> vuttr_api.services.ToolService::GetToolsByTag(System.String)
FNDA:0,System.Collections.Generic.IEnumerable`1<vuttr_api.domain.dtos.ToolViewModel> vuttr_api.services.ToolService::GetToolsByTag(System.String)
DA:59,0
DA:60,0
DA:61,0
DA:62,0
DA:64,0
DA:65,0
DA:66,0
DA:67,0
DA:68,0
DA:69,0
DA:70,0
BRDA:62,26,0,0
BRDA:62,26,1,0
BRDA:64,85,1,0
BRDA:64,85,0,0
FN:13,System.Void vuttr_api.services.ToolService::.ctor(vuttr_api.persistence.contracts.IToolRepository,AutoMapper.IMapper)
FNDA:0,System.Void vuttr_api.services.ToolService::.ctor(vuttr_api.persistence.contracts.IToolRepository,AutoMapper.IMapper)
DA:14,0
DA:15,0
DA:16,0
DA:17,0
DA:18,0
FN:20,System.Void vuttr_api.services.ToolService/<CreateToolAsync>d__3::MoveNext()
FNDA:0,System.Void vuttr_api.services.ToolService/<CreateToolAsync>d__3::MoveNext()
DA:21,0
DA:22,0
DA:23,0
DA:24,0
DA:25,0
BRDA:24,185,0,0
BRDA:24,185,1,0
FN:27,System.Void vuttr_api.services.ToolService/<DeleteToolAsync>d__4::MoveNext()
FNDA:0,System.Void vuttr_api.services.ToolService/<DeleteToolAsync>d__4::MoveNext()
DA:28,0
DA:29,0
DA:30,0
FN:44,System.Void vuttr_api.services.ToolService/<GetToolsAsync>d__7::MoveNext()
FNDA:0,System.Void vuttr_api.services.ToolService/<GetToolsAsync>d__7::MoveNext()
DA:45,0
DA:46,0
DA:47,0
DA:48,0
DA:50,0
DA:51,0
DA:52,0
DA:53,0
DA:54,0
DA:55,0
DA:56,0
BRDA:48,169,0,0
BRDA:48,169,1,0
BRDA:50,288,1,0
BRDA:50,288,0,0
FN:72,System.Void vuttr_api.services.ToolService/<UpdateToolAsync>d__9::MoveNext()
FNDA:0,System.Void vuttr_api.services.ToolService/<UpdateToolAsync>d__9::MoveNext()
DA:73,0
DA:74,0
DA:75,0
DA:76,0
DA:77,0
DA:78,0
BRDA:77,203,0,0
BRDA:77,203,1,0
LF:49
LH:0
BRF:16
BRH:0
FNF:8
FNH:0
end_of_record
SF:c:\Users\jonas\OneDrive\Desktop\Programming\C#\Projects\vuttr-api\src\vuttr-api.services\implementations\UserService.cs
FN:14,System.Void vuttr_api.services.UserService::.ctor(Microsoft.AspNetCore.Identity.UserManager`1<vuttr_api.domain.entities.ApplicationUser>,vuttr_api.services.contracts.IAuthService,AutoMapper.IMapper)
FNDA:0,System.Void vuttr_api.services.UserService::.ctor(Microsoft.AspNetCore.Identity.UserManager`1<vuttr_api.domain.entities.ApplicationUser>,vuttr_api.services.contracts.IAuthService,AutoMapper.IMapper)
DA:15,0
DA:16,0
DA:17,0
DA:18,0
DA:19,0
DA:20,0
DA:21,0
DA:22,0
FN:24,System.Void vuttr_api.services.UserService/<AlreadyExistsAsync>d__4::MoveNext()
FNDA:0,System.Void vuttr_api.services.UserService/<AlreadyExistsAsync>d__4::MoveNext()
DA:25,0
DA:26,0
DA:27,0
DA:29,0
DA:30,0
BRDA:29,317,0,0
BRDA:29,317,1,0
FN:32,System.Void vuttr_api.services.UserService/<AuthenticateUserAsync>d__5::MoveNext()
FNDA:0,System.Void vuttr_api.services.UserService/<AuthenticateUserAsync>d__5::MoveNext()
DA:33,0
DA:34,0
DA:36,0
DA:38,0
DA:39,0
DA:41,0
DA:42,0
BRDA:36,180,0,0
BRDA:36,180,1,0
BRDA:41,440,0,0
BRDA:41,440,1,0
FN:44,System.Void vuttr_api.services.UserService/<CreateUserAsync>d__6::MoveNext()
FNDA:0,System.Void vuttr_api.services.UserService/<CreateUserAsync>d__6::MoveNext()
DA:45,0
DA:46,0
DA:47,0
DA:49,0
DA:51,0
DA:53,0
DA:54,0
DA:55,0
DA:56,0
DA:59,0
DA:60,0
BRDA:53,293,0,0
BRDA:53,293,1,0
LF:31
LH:0
BRF:8
BRH:0
FNF:4
FNH:0
end_of_record