SF:c:\Users\jonas\OneDrive\Desktop\Programming\C#\Projects\vuttr-api\src\vuttr-api.domain\settings\JwtSettings.cs
FN:4,System.String vuttr_api.domain.settings.JwtSettings::get_ValidIssuer()
FNDA:0,System.String vuttr_api.domain.settings.JwtSettings::get_ValidIssuer()
DA:5,0
FN:5,System.String vuttr_api.domain.settings.JwtSettings::get_ValidAudience()
FNDA:0,System.String vuttr_api.domain.settings.JwtSettings::get_ValidAudience()
DA:6,0
FN:6,System.String vuttr_api.domain.settings.JwtSettings::get_SecretKey()
FNDA:0,System.String vuttr_api.domain.settings.JwtSettings::get_SecretKey()
DA:7,0
LF:3
LH:0
BRF:0
BRH:0
FNF:3
FNH:0
end_of_record
SF:c:\Users\jonas\OneDrive\Desktop\Programming\C#\Projects\vuttr-api\src\vuttr-api.domain\settings\MongoDbSettings.cs
FN:4,System.String vuttr_api.domain.settings.MongoDbSettings::get_DatabaseName()
FNDA:0,System.String vuttr_api.domain.settings.MongoDbSettings::get_DatabaseName()
DA:5,0
FN:5,System.String vuttr_api.domain.settings.MongoDbSettings::get_ConnectionString()
FNDA:0,System.String vuttr_api.domain.settings.MongoDbSettings::get_ConnectionString()
DA:6,0
LF:2
LH:0
BRF:0
BRH:0
FNF:2
FNH:0
end_of_record
SF:c:\Users\jonas\OneDrive\Desktop\Programming\C#\Projects\vuttr-api\src\vuttr-api.domain\entities\Tool.cs
FN:9,System.Int32 vuttr_api.domain.entities.Tool::get_Id()
FNDA:0,System.Int32 vuttr_api.domain.entities.Tool::get_Id()
DA:10,0
FN:10,System.String vuttr_api.domain.entities.Tool::get_Title()
FNDA:0,System.String vuttr_api.domain.entities.Tool::get_Title()
DA:11,0
FN:11,System.String vuttr_api.domain.entities.Tool::get_Link()
FNDA:0,System.String vuttr_api.domain.entities.Tool::get_Link()
DA:12,0
FN:12,System.String vuttr_api.domain.entities.Tool::get_Description()
FNDA:0,System.String vuttr_api.domain.entities.Tool::get_Description()
DA:13,0
FN:13,System.Collections.Generic.List`1<System.String> vuttr_api.domain.entities.Tool::get_Tags()
FNDA:0,System.Collections.Generic.List`1<System.String> vuttr_api.domain.entities.Tool::get_Tags()
DA:14,0
LF:5
LH:0
BRF:0
BRH:0
FNF:5
FNH:0
end_of_record
SF:c:\Users\jonas\OneDrive\Desktop\Programming\C#\Projects\vuttr-api\src\vuttr-api.domain\entities\User.cs
FN:6,System.String vuttr_api.domain.entities.User::get_PasswordSalt()
FNDA:3,System.String vuttr_api.domain.entities.User::get_PasswordSalt()
DA:7,3
LF:1
LH:1
BRF:0
BRH:0
FNF:1
FNH:1
end_of_record
SF:c:\Users\jonas\OneDrive\Desktop\Programming\C#\Projects\vuttr-api\src\vuttr-api.domain\dtos\CreateToolRequest.cs
FN:7,System.String vuttr_api.domain.dtos.CreateToolRequest::get_Title()
FNDA:0,System.String vuttr_api.domain.dtos.CreateToolRequest::get_Title()
DA:8,0
FN:11,System.String vuttr_api.domain.dtos.CreateToolRequest::get_Link()
FNDA:0,System.String vuttr_api.domain.dtos.CreateToolRequest::get_Link()
DA:12,0
FN:14,System.String vuttr_api.domain.dtos.CreateToolRequest::get_Description()
FNDA:0,System.String vuttr_api.domain.dtos.CreateToolRequest::get_Description()
DA:15,0
FN:17,System.Collections.Generic.List`1<System.String> vuttr_api.domain.dtos.CreateToolRequest::get_Tags()
FNDA:0,System.Collections.Generic.List`1<System.String> vuttr_api.domain.dtos.CreateToolRequest::get_Tags()
DA:18,0
LF:4
LH:0
BRF:0
BRH:0
FNF:4
FNH:0
end_of_record
SF:c:\Users\jonas\OneDrive\Desktop\Programming\C#\Projects\vuttr-api\src\vuttr-api.domain\dtos\ToolResponse.cs
FN:4,System.Int32 vuttr_api.domain.dtos.ToolResponse::get_Id()
FNDA:0,System.Int32 vuttr_api.domain.dtos.ToolResponse::get_Id()
DA:5,0
FN:5,System.String vuttr_api.domain.dtos.ToolResponse::get_Title()
FNDA:0,System.String vuttr_api.domain.dtos.ToolResponse::get_Title()
DA:6,0
FN:6,System.String vuttr_api.domain.dtos.ToolResponse::get_Link()
FNDA:0,System.String vuttr_api.domain.dtos.ToolResponse::get_Link()
DA:7,0
FN:7,System.String vuttr_api.domain.dtos.ToolResponse::get_Description()
FNDA:0,System.String vuttr_api.domain.dtos.ToolResponse::get_Description()
DA:8,0
FN:8,System.Collections.Generic.List`1<System.String> vuttr_api.domain.dtos.ToolResponse::get_Tags()
FNDA:0,System.Collections.Generic.List`1<System.String> vuttr_api.domain.dtos.ToolResponse::get_Tags()
DA:9,0
LF:5
LH:0
BRF:0
BRH:0
FNF:5
FNH:0
end_of_record
SF:c:\Users\jonas\OneDrive\Desktop\Programming\C#\Projects\vuttr-api\src\vuttr-api.domain\dtos\UserForAuthentication.cs
FN:7,System.String vuttr_api.domain.dtos.UserForAuthentication::get_Username()
FNDA:0,System.String vuttr_api.domain.dtos.UserForAuthentication::get_Username()
DA:8,0
FN:10,System.String vuttr_api.domain.dtos.UserForAuthentication::get_Password()
FNDA:0,System.String vuttr_api.domain.dtos.UserForAuthentication::get_Password()
DA:11,0
LF:2
LH:0
BRF:0
BRH:0
FNF:2
FNH:0
end_of_record
SF:c:\Users\jonas\OneDrive\Desktop\Programming\C#\Projects\vuttr-api\src\vuttr-api.domain\dtos\UserForRegisteration.cs
FN:7,System.String vuttr_api.domain.dtos.UserForRegisteration::get_Username()
FNDA:2,System.String vuttr_api.domain.dtos.UserForRegisteration::get_Username()
DA:8,2
FN:11,System.String vuttr_api.domain.dtos.UserForRegisteration::get_Email()
FNDA:10,System.String vuttr_api.domain.dtos.UserForRegisteration::get_Email()
DA:12,10
FN:14,System.String vuttr_api.domain.dtos.UserForRegisteration::get_Password()
FNDA:9,System.String vuttr_api.domain.dtos.UserForRegisteration::get_Password()
DA:15,9
LF:3
LH:3
BRF:0
BRH:0
FNF:3
FNH:3
end_of_record
SF:c:\Users\jonas\OneDrive\Desktop\Programming\C#\Projects\vuttr-api\src\vuttr-api.domain\dtos\UserResponse.cs
FN:4,System.Guid vuttr_api.domain.dtos.UserResponse::get_Id()
FNDA:1,System.Guid vuttr_api.domain.dtos.UserResponse::get_Id()
DA:5,1
FN:5,System.String vuttr_api.domain.dtos.UserResponse::get_Username()
FNDA:1,System.String vuttr_api.domain.dtos.UserResponse::get_Username()
DA:6,1
FN:6,System.String vuttr_api.domain.dtos.UserResponse::get_Email()
FNDA:1,System.String vuttr_api.domain.dtos.UserResponse::get_Email()
DA:7,1
FN:7,System.DateTime vuttr_api.domain.dtos.UserResponse::get_CreatedOn()
FNDA:1,System.DateTime vuttr_api.domain.dtos.UserResponse::get_CreatedOn()
DA:8,1
LF:4
LH:4
BRF:0
BRH:0
FNF:4
FNH:4
end_of_record
SF:c:\Users\jonas\OneDrive\Desktop\Programming\C#\Projects\vuttr-api\src\vuttr-api.infrastructure\ServiceExtensions.cs
FN:20,System.Void vuttr_api.infrastructure.ServiceExtensions::AddMappingProfile(Microsoft.Extensions.DependencyInjection.IServiceCollection)
FNDA:0,System.Void vuttr_api.infrastructure.ServiceExtensions::AddMappingProfile(Microsoft.Extensions.DependencyInjection.IServiceCollection)
DA:21,0
DA:22,0
DA:23,0
FN:25,System.Void vuttr_api.infrastructure.ServiceExtensions::AddJwtConfiguration(Microsoft.Extensions.DependencyInjection.IServiceCollection,Microsoft.Extensions.Configuration.IConfiguration)
FNDA:0,System.Void vuttr_api.infrastructure.ServiceExtensions::AddJwtConfiguration(Microsoft.Extensions.DependencyInjection.IServiceCollection,Microsoft.Extensions.Configuration.IConfiguration)
DA:26,0
DA:27,0
DA:29,0
DA:30,0
DA:31,0
DA:32,0
DA:33,0
DA:34,0
DA:35,0
DA:36,0
DA:37,0
DA:38,0
DA:39,0
DA:40,0
DA:41,0
DA:42,0
DA:43,0
DA:44,0
DA:45,0
DA:46,0
FN:48,System.Void vuttr_api.infrastructure.ServiceExtensions::AddMongoDbContext(Microsoft.Extensions.DependencyInjection.IServiceCollection,Microsoft.Extensions.Configuration.IConfiguration)
FNDA:0,System.Void vuttr_api.infrastructure.ServiceExtensions::AddMongoDbContext(Microsoft.Extensions.DependencyInjection.IServiceCollection,Microsoft.Extensions.Configuration.IConfiguration)
DA:49,0
DA:50,0
DA:52,0
DA:53,0
DA:54,0
DA:55,0
FN:57,System.Void vuttr_api.infrastructure.ServiceExtensions::ConfigureServices(Microsoft.Extensions.DependencyInjection.IServiceCollection)
FNDA:0,System.Void vuttr_api.infrastructure.ServiceExtensions::ConfigureServices(Microsoft.Extensions.DependencyInjection.IServiceCollection)
DA:58,0
DA:59,0
DA:60,0
DA:61,0
DA:62,0
DA:63,0
LF:35
LH:0
BRF:0
BRH:0
FNF:4
FNH:0
end_of_record
SF:c:\Users\jonas\OneDrive\Desktop\Programming\C#\Projects\vuttr-api\src\vuttr-api.infrastructure\mapping\MappingProfile.cs
FN:8,System.Void vuttr_api.infrastructure.mapping.MappingProfile::.ctor()
FNDA:1,System.Void vuttr_api.infrastructure.mapping.MappingProfile::.ctor()
DA:9,1
DA:10,1
DA:11,1
DA:12,1
DA:13,1
DA:14,1
DA:15,1
LF:7
LH:7
BRF:0
BRH:0
FNF:1
FNH:1
end_of_record
SF:c:\Users\jonas\OneDrive\Desktop\Programming\C#\Projects\vuttr-api\src\vuttr-api.persistence\repositories\ToolRepository.cs
FN:16,System.Void vuttr_api.persistence.repositories.ToolRepository::.ctor(Microsoft.Extensions.Configuration.IConfiguration)
FNDA:0,System.Void vuttr_api.persistence.repositories.ToolRepository::.ctor(Microsoft.Extensions.Configuration.IConfiguration)
DA:17,0
DA:18,0
DA:19,0
DA:20,0
DA:22,0
DA:23,0
DA:24,0
DA:25,0
FN:27,System.Void vuttr_api.persistence.repositories.ToolRepository/<CreateAsync>d__6::MoveNext()
FNDA:0,System.Void vuttr_api.persistence.repositories.ToolRepository/<CreateAsync>d__6::MoveNext()
DA:28,0
DA:29,0
DA:30,0
FN:32,System.Void vuttr_api.persistence.repositories.ToolRepository/<DeleteAsync>d__7::MoveNext()
FNDA:0,System.Void vuttr_api.persistence.repositories.ToolRepository/<DeleteAsync>d__7::MoveNext()
DA:33,0
DA:34,0
DA:35,0
DA:36,0
FN:38,System.Void vuttr_api.persistence.repositories.ToolRepository/<RetrieveAllAsync>d__8::MoveNext()
FNDA:0,System.Void vuttr_api.persistence.repositories.ToolRepository/<RetrieveAllAsync>d__8::MoveNext()
DA:39,0
DA:40,0
DA:41,0
DA:42,0
BRDA:41,354,0,0
BRDA:41,354,1,0
FN:44,System.Void vuttr_api.persistence.repositories.ToolRepository/<RetrieveAllByConditionAsync>d__9::MoveNext()
FNDA:0,System.Void vuttr_api.persistence.repositories.ToolRepository/<RetrieveAllByConditionAsync>d__9::MoveNext()
DA:45,0
DA:46,0
DA:47,0
DA:48,0
BRDA:47,298,0,0
BRDA:47,298,1,0
FN:50,System.Void vuttr_api.persistence.repositories.ToolRepository/<RetrieveByConditionAsync>d__10::MoveNext()
FNDA:0,System.Void vuttr_api.persistence.repositories.ToolRepository/<RetrieveByConditionAsync>d__10::MoveNext()
DA:51,0
DA:52,0
DA:54,0
DA:55,0
BRDA:54,298,0,0
BRDA:54,298,1,0
LF:27
LH:0
BRF:6
BRH:0
FNF:6
FNH:0
end_of_record
SF:c:\Users\jonas\OneDrive\Desktop\Programming\C#\Projects\vuttr-api\src\vuttr-api.presentation\Program.cs
FN:3,System.Void Program::<Main>$(System.String[])
FNDA:0,System.Void Program::<Main>$(System.String[])
DA:4,0
DA:8,0
DA:9,0
DA:10,0
DA:11,0
DA:13,0
DA:15,0
DA:16,0
DA:18,0
DA:21,0
DA:22,0
DA:23,0
DA:24,0
DA:25,0
DA:27,0
DA:29,0
DA:31,0
DA:33,0
BRDA:21,154,0,0
BRDA:21,154,1,0
LF:18
LH:0
BRF:2
BRH:0
FNF:1
FNH:0
end_of_record
SF:c:\Users\jonas\OneDrive\Desktop\Programming\C#\Projects\vuttr-api\src\vuttr-api.presentation\Controllers\ToolsController.cs
FN:14,System.Void vuttr_api.presentation.controllers.ToolsController::.ctor(vuttr_api.services.contracts.IToolService)
FNDA:0,System.Void vuttr_api.presentation.controllers.ToolsController::.ctor(vuttr_api.services.contracts.IToolService)
DA:15,0
DA:16,0
DA:17,0
DA:18,0
FN:52,System.Void vuttr_api.presentation.controllers.ToolsController/<CreateToolAsync>d__5::MoveNext()
FNDA:0,System.Void vuttr_api.presentation.controllers.ToolsController/<CreateToolAsync>d__5::MoveNext()
DA:53,0
DA:54,0
DA:56,0
DA:57,0
DA:58,0
DA:59,0
DA:60,0
BRDA:54,39,0,0
BRDA:54,39,1,0
BRDA:57,212,0,0
BRDA:57,212,1,0
FN:66,System.Void vuttr_api.presentation.controllers.ToolsController/<DeleteToolAsync>d__6::MoveNext()
FNDA:0,System.Void vuttr_api.presentation.controllers.ToolsController/<DeleteToolAsync>d__6::MoveNext()
DA:67,0
DA:68,0
DA:70,0
DA:72,0
DA:74,0
DA:76,0
DA:77,0
DA:78,0
DA:79,0
BRDA:68,40,0,0
BRDA:68,40,1,0
BRDA:72,214,0,0
BRDA:72,214,1,0
BRDA:76,446,0,0
BRDA:76,446,1,0
BRDA:76,459,0,0
BRDA:76,459,1,0
FN:22,System.Void vuttr_api.presentation.controllers.ToolsController/<GetAllToolsAsync>d__2::MoveNext()
FNDA:0,System.Void vuttr_api.presentation.controllers.ToolsController/<GetAllToolsAsync>d__2::MoveNext()
DA:23,0
DA:24,0
DA:25,0
FN:31,System.Void vuttr_api.presentation.controllers.ToolsController/<GetToolByIdAsync>d__3::MoveNext()
FNDA:0,System.Void vuttr_api.presentation.controllers.ToolsController/<GetToolByIdAsync>d__3::MoveNext()
DA:32,0
DA:33,0
DA:34,0
DA:35,0
DA:36,0
BRDA:33,29,0,0
BRDA:33,29,1,0
BRDA:35,196,0,0
BRDA:35,196,1,0
FN:42,System.Void vuttr_api.presentation.controllers.ToolsController/<GetToolsByTagAsync>d__4::MoveNext()
FNDA:0,System.Void vuttr_api.presentation.controllers.ToolsController/<GetToolsByTagAsync>d__4::MoveNext()
DA:43,0
DA:44,0
DA:45,0
DA:46,0
DA:47,0
BRDA:44,26,0,0
BRDA:44,26,1,0
BRDA:46,193,0,0
BRDA:46,193,1,0
LF:33
LH:0
BRF:20
BRH:0
FNF:6
FNH:0
end_of_record
SF:c:\Users\jonas\OneDrive\Desktop\Programming\C#\Projects\vuttr-api\src\vuttr-api.presentation\Controllers\UsersController.cs
FN:12,System.Void vuttr_api.presentation.controllers.UsersController::.ctor(vuttr_api.services.contracts.IUserService)
FNDA:0,System.Void vuttr_api.presentation.controllers.UsersController::.ctor(vuttr_api.services.contracts.IUserService)
DA:13,0
DA:14,0
DA:15,0
DA:16,0
FN:35,System.Void vuttr_api.presentation.controllers.UsersController/<Authenticate>d__3::MoveNext()
FNDA:0,System.Void vuttr_api.presentation.controllers.UsersController/<Authenticate>d__3::MoveNext()
DA:36,0
DA:37,0
DA:39,0
DA:41,0
DA:42,0
BRDA:37,26,0,0
BRDA:37,26,1,0
BRDA:41,239,0,0
BRDA:41,239,1,0
FN:21,System.Void vuttr_api.presentation.controllers.UsersController/<Resigter>d__2::MoveNext()
FNDA:0,System.Void vuttr_api.presentation.controllers.UsersController/<Resigter>d__2::MoveNext()
DA:22,0
DA:23,0
DA:25,0
DA:27,0
DA:29,0
DA:30,0
BRDA:23,37,0,0
BRDA:23,37,1,0
BRDA:25,185,0,0
BRDA:25,185,1,0
BRDA:29,355,0,0
BRDA:29,355,1,0
LF:15
LH:0
BRF:10
BRH:0
FNF:3
FNH:0
end_of_record
SF:c:\Users\jonas\OneDrive\Desktop\Programming\C#\Projects\vuttr-api\src\vuttr-api.services\implementations\AuthenticationManager.cs
FN:32,System.String vuttr_api.services.AuthenticationManager::Combine(System.String,System.String)
FNDA:0,System.String vuttr_api.services.AuthenticationManager::Combine(System.String,System.String)
DA:33,0
DA:34,0
DA:35,0
DA:36,0
DA:38,0
DA:39,0
DA:40,0
DA:41,0
FN:43,System.String vuttr_api.services.AuthenticationManager::GenerateSalt()
FNDA:0,System.String vuttr_api.services.AuthenticationManager::GenerateSalt()
DA:44,0
DA:45,0
DA:46,0
DA:47,0
DA:48,0
DA:49,0
FN:59,Microsoft.IdentityModel.Tokens.SigningCredentials vuttr_api.services.AuthenticationManager::GetSigningCredentials()
FNDA:0,Microsoft.IdentityModel.Tokens.SigningCredentials vuttr_api.services.AuthenticationManager::GetSigningCredentials()
DA:60,0
DA:61,0
DA:62,0
DA:63,0
DA:64,0
FN:66,System.Collections.Generic.List`1<System.Security.Claims.Claim> vuttr_api.services.AuthenticationManager::GetClaims()
FNDA:0,System.Collections.Generic.List`1<System.Security.Claims.Claim> vuttr_api.services.AuthenticationManager::GetClaims()
DA:67,0
DA:68,0
DA:69,0
DA:70,0
DA:71,0
DA:72,0
DA:73,0
DA:74,0
FN:76,System.IdentityModel.Tokens.Jwt.JwtSecurityToken vuttr_api.services.AuthenticationManager::GenerateTokenOptions(Microsoft.IdentityModel.Tokens.SigningCredentials,System.Collections.Generic.List`1<System.Security.Claims.Claim>)
FNDA:0,System.IdentityModel.Tokens.Jwt.JwtSecurityToken vuttr_api.services.AuthenticationManager::GenerateTokenOptions(Microsoft.IdentityModel.Tokens.SigningCredentials,System.Collections.Generic.List`1<System.Security.Claims.Claim>)
DA:77,0
DA:78,0
DA:79,0
DA:80,0
DA:81,0
DA:82,0
DA:83,0
DA:84,0
DA:85,0
FN:87,System.ValueTuple`2<System.String,System.DateTime> vuttr_api.services.AuthenticationManager::GenerateToken()
FNDA:0,System.ValueTuple`2<System.String,System.DateTime> vuttr_api.services.AuthenticationManager::GenerateToken()
DA:88,0
DA:89,0
DA:90,0
DA:91,0
DA:92,0
DA:93,0
FN:22,System.Void vuttr_api.services.AuthenticationManager::.ctor(Microsoft.Extensions.Configuration.IConfiguration,Microsoft.AspNetCore.Identity.UserManager`1<vuttr_api.domain.entities.User>,AutoMapper.IMapper)
FNDA:0,System.Void vuttr_api.services.AuthenticationManager::.ctor(Microsoft.Extensions.Configuration.IConfiguration,Microsoft.AspNetCore.Identity.UserManager`1<vuttr_api.domain.entities.User>,AutoMapper.IMapper)
DA:23,0
DA:24,0
DA:25,0
DA:26,0
DA:27,0
DA:29,0
DA:30,0
FN:51,System.Void vuttr_api.services.AuthenticationManager/<ValidateUserAsync>d__8::MoveNext()
FNDA:0,System.Void vuttr_api.services.AuthenticationManager/<ValidateUserAsync>d__8::MoveNext()
DA:52,0
DA:53,0
DA:54,0
DA:55,0
DA:56,0
DA:57,0
BRDA:54,205,0,0
BRDA:54,205,1,0
BRDA:54,359,0,0
BRDA:54,359,1,0
LF:55
LH:0
BRF:4
BRH:0
FNF:8
FNH:0
end_of_record
SF:c:\Users\jonas\OneDrive\Desktop\Programming\C#\Projects\vuttr-api\src\vuttr-api.services\implementations\ToolService.cs
FN:13,System.Void vuttr_api.services.ToolService::.ctor(vuttr_api.persistence.repositories.IToolRepository,AutoMapper.IMapper)
FNDA:0,System.Void vuttr_api.services.ToolService::.ctor(vuttr_api.persistence.repositories.IToolRepository,AutoMapper.IMapper)
DA:14,0
DA:15,0
DA:16,0
DA:17,0
DA:18,0
FN:20,System.Void vuttr_api.services.ToolService/<DeleteAsync>d__3::MoveNext()
FNDA:0,System.Void vuttr_api.services.ToolService/<DeleteAsync>d__3::MoveNext()
DA:21,0
DA:22,0
DA:23,0
FN:25,System.Void vuttr_api.services.ToolService/<GetAllAsync>d__4::MoveNext()
FNDA:0,System.Void vuttr_api.services.ToolService/<GetAllAsync>d__4::MoveNext()
DA:26,0
DA:27,0
DA:28,0
DA:30,0
DA:32,0
DA:33,0
DA:34,0
DA:35,0
DA:36,0
DA:38,0
DA:39,0
BRDA:30,169,0,0
BRDA:30,169,1,0
BRDA:32,288,1,0
BRDA:32,288,0,0
FN:41,System.Void vuttr_api.services.ToolService/<GetByIdAsync>d__5::MoveNext()
FNDA:0,System.Void vuttr_api.services.ToolService/<GetByIdAsync>d__5::MoveNext()
DA:42,0
DA:43,0
DA:44,0
DA:46,0
DA:47,0
BRDA:46,316,0,0
BRDA:46,316,1,0
FN:49,System.Void vuttr_api.services.ToolService/<GetByTagAsync>d__6::MoveNext()
FNDA:0,System.Void vuttr_api.services.ToolService/<GetByTagAsync>d__6::MoveNext()
DA:50,0
DA:51,0
DA:52,0
DA:54,0
DA:56,0
DA:57,0
DA:58,0
DA:59,0
DA:60,0
DA:62,0
DA:63,0
BRDA:54,328,0,0
BRDA:54,328,1,0
BRDA:56,447,1,0
BRDA:56,447,0,0
FN:65,System.Void vuttr_api.services.ToolService/<RegisterAsync>d__7::MoveNext()
FNDA:0,System.Void vuttr_api.services.ToolService/<RegisterAsync>d__7::MoveNext()
DA:66,0
DA:67,0
DA:69,0
DA:71,0
DA:72,0
DA:74,0
DA:76,0
DA:77,0
BRDA:69,357,0,0
BRDA:69,357,1,0
LF:43
LH:0
BRF:12
BRH:0
FNF:6
FNH:0
end_of_record
SF:c:\Users\jonas\OneDrive\Desktop\Programming\C#\Projects\vuttr-api\src\vuttr-api.services\implementations\UserService.cs
FN:14,System.Void vuttr_api.services.UserService::.ctor(Microsoft.AspNetCore.Identity.UserManager`1<vuttr_api.domain.entities.User>,vuttr_api.services.contracts.IAuthenticationManager,AutoMapper.IMapper)
FNDA:1,System.Void vuttr_api.services.UserService::.ctor(Microsoft.AspNetCore.Identity.UserManager`1<vuttr_api.domain.entities.User>,vuttr_api.services.contracts.IAuthenticationManager,AutoMapper.IMapper)
DA:15,1
DA:16,1
DA:17,1
DA:18,1
DA:19,1
DA:20,1
FN:22,System.Void vuttr_api.services.UserService/<AlreadyExistsAsync>d__4::MoveNext()
FNDA:0,System.Void vuttr_api.services.UserService/<AlreadyExistsAsync>d__4::MoveNext()
DA:23,0
DA:24,0
DA:25,0
DA:27,0
DA:28,0
BRDA:27,317,0,0
BRDA:27,317,1,0
FN:30,System.Void vuttr_api.services.UserService/<AuthenticateUserAsync>d__5::MoveNext()
FNDA:0,System.Void vuttr_api.services.UserService/<AuthenticateUserAsync>d__5::MoveNext()
DA:31,0
DA:32,0
DA:34,0
DA:36,0
DA:37,0
DA:38,0
BRDA:34,180,0,0
BRDA:34,180,1,0
FN:40,System.Void vuttr_api.services.UserService/<CreateUserAsync>d__6::MoveNext()
FNDA:1,System.Void vuttr_api.services.UserService/<CreateUserAsync>d__6::MoveNext()
DA:41,1
DA:42,1
DA:43,1
DA:45,1
DA:47,1
DA:49,1
DA:50,1
DA:51,1
DA:52,1
DA:55,0
DA:56,1
BRDA:49,293,0,1
BRDA:49,293,1,0
LF:28
LH:16
BRF:6
BRH:1
FNF:4
FNH:2
end_of_record